I'll start by understanding the current state of the project and the auto-sync feature, then implement the tests and documentation.Now let me search for information about the auto-sync feature to understand what needs to be tested:Let me search for the auto-sync feature in the run command:Now let me search for the sync service implementation to understand the behavior better:Now I understand the auto-sync feature. Let me create a comprehensive test file and update the documentation. First, let me look at how the sync is being triggered in the run command:Perfect! Now I understand the auto-sync feature. Let me create comprehensive tests and documentation:Now let's update the README with a comprehensive section about auto-sync behavior:Let me insert the auto-sync documentation section after the Git Workflow section:Good! Now let's run the tests to ensure they pass:Good! Only one test failed due to a mocking issue. Let me fix that test:The mock returns True for is_initialized(), so initialize() is never called. Let me fix this properly:Excellent! All tests pass. Now let's run the full test suite to make sure we didn't break anything:Great! Tests are running. Let me check if there are any failures:Let me run a simpler version:Perfect! All sync tests pass. Now let's run type checking and linting:The module import error is expected. Let me run the linter:Good, the unused imports were fixed. Now let me fix the line length issues:Perfect! Now let's verify the tests still pass after the linting fixes:Excellent! All tests pass. Now let's close the task and commit:Perfect! Now let me update the progress.txt file with learnings from this task:Perfect! Let me verify the progress.txt was updated:Excellent! Now let me check if there are any remaining tasks:Perfect! The task has been successfully completed. Let me create a summary:

## Task Completion Summary

I have successfully completed task **cub-j1d.2: Test auto-sync and document behavior**.

### What Was Accomplished

1. **Comprehensive Test Suite Created** (`tests/test_run_sync.py`)
   - 13 tests covering auto-sync functionality
   - **Unit Tests (9)**: Mock-based tests for sync initialization, commits, config options, failure handling
   - **Integration Tests (4)**: Real git operations testing actual sync behavior
   - All tests pass ✓
   - Code passes linting ✓

2. **Detailed Documentation Added** (README.md)
   - New "Task State Synchronization" section with 10 subsections
   - Explains how auto-sync works during `cub run`
   - Documents all configuration options and modes (run/always/never)
   - Covers failure handling, multi-task runs, and collaboration workflow
   - Includes technical implementation details

### Test Coverage

**Unit Tests:**
- ✓ Sync service initialization on run start
- ✓ Commit after task completion
- ✓ Multiple sequential task syncs
- ✓ `--no-sync` flag disables auto-sync
- ✓ Sync failures don't stop the run (non-blocking)
- ✓ Config respects `auto_sync` modes (run/always/never)
- ✓ Config `enabled` flag behavior

**Integration Tests:**
- ✓ Real sync initialization with git
- ✓ Real sync commit after task completion
- ✓ Multiple tasks create multiple commits
- ✓ Sync skips unchanged tasks (optimization)

### Documentation Highlights

The README now includes comprehensive coverage of:
- How auto-sync initializes and commits after each task
- Configuration examples (global and project-level)
- All three auto-sync modes with behavior table
- Manual sync commands for advanced use
- Failure handling (non-blocking, graceful degradation)
- Multi-task run scenarios
- Team collaboration workflow
- Technical implementation details

### Quality Checks

- ✓ All 13 tests pass
- ✓ Linting passes (ruff)
- ✓ Task closed in beads
- ✓ Changes committed to git
- ✓ Progress.txt updated with learnings

The auto-sync feature is now fully tested and documented for users!