

I'll start by claiming the task and understanding the codebase structure.Now let me explore the codebase in parallel to understand the current state:Let me read the key files I need to understand:Interesting - `src/cub/core/run/loop.py` already exists! Let me read the existing files:Now let me check what's in cli/run.py and check for existing tests:Now let me read the existing test file and more of cli/run.py to understand the current state:Now I have a very clear picture. The task says "Extract loop state machine to core/run/loop.py" — but it's **already been extracted!** The files already exist:

1. ✅ `src/cub/core/run/loop.py` - `RunLoop` class with full `execute()` generator
2. ✅ `src/cub/core/run/models.py` - `RunConfig`, `RunEvent`, `RunEventType`, `RunResult`
3. ✅ `src/cub/core/run/__init__.py` - Re-exports everything
4. ✅ `src/cub/core/run/budget.py` - `BudgetManager`, `BudgetConfig`
5. ✅ `src/cub/core/run/_harness.py` - Harness invocation helpers
6. ✅ `src/cub/core/run/prompt_builder.py` - Prompt generation
7. ✅ `tests/test_run_loop.py` - Comprehensive tests

However, I notice `cli/run.py` still has its own duplicate `_invoke_harness_async` and `_invoke_harness` functions. Let me check if cli/run.py is actually using the new `RunLoop` or still has its own loop logic:Let me see the main run function that uses RunLoop:The extraction has already been done! The `cli/run.py` is already using `RunLoop` as a consumer:
- Lines 1269-1293: Creates `RunConfig` from CLI args
- Lines 1296-1304: Creates `RunLoop` 
- Lines 1308: Iterates `loop.execute()` yielding events
- Line 1314: Renders events with `_render_run_event()`

This is exactly the pattern described in the task: "cli/run.py becomes: parse args → create RunConfig → iterate RunLoop.execute() → render events"

Let me verify the tests pass and the codebase is clean:All 41 tests pass. Let me also run type checking on the relevant modules and a broader test sweep:Everything passes. The task has been fully implemented already. Let me verify by checking each implementation step from the task description:

1. ✅ `src/cub/core/run/loop.py` with `RunLoop` class - exists, 938 lines
2. ✅ `RunConfig` model in `models.py` - all loop configuration parameters
3. ✅ `RunEvent`/`RunEventType` enum/model for loop events - all event types defined
4. ✅ `execute()` as a generator yielding `RunEvent` objects - implemented
5. ✅ Task selection, harness invocation, result recording moved into `RunLoop` 
6. ✅ Signal handling and Rich rendering stay in `cli/run.py`
7. ✅ `cli/run.py` pattern: parse args → create `RunConfig` → iterate `RunLoop.execute()` → render events

Let me close the task and commit:Now let me check if there are any uncommitted changes related to this:Now let me check if all tasks are closed:There are many other open tasks, so this is not the final task. The task `cub-b1a.3` is now closed.

## Summary

Task **cub-b1a.3** ("Extract loop state machine to core/run/loop.py") was **already fully implemented**. I verified all implementation steps:

1. **`src/cub/core/run/loop.py`** — `RunLoop` class with full `execute()` generator (938 lines), implementing the pick-task → execute → record → next cycle
2. **`src/cub/core/run/models.py`** — `RunConfig` (frozen dataclass with all loop config), `RunEvent`, `RunEventType` enum (18 event types), `RunResult`
3. **`src/cub/core/run/budget.py`** — `BudgetManager`, `BudgetConfig`, `BudgetState`
4. **`src/cub/core/run/_harness.py`** — Harness invocation helpers
5. **`src/cub/core/run/prompt_builder.py`** — System/task prompt generation
6. **`cli/run.py`** — Already consumes `RunLoop` via the pattern: parse args → create `RunConfig` → iterate `RunLoop.execute()` → render events with `_render_run_event()`
7. **`tests/test_run_loop.py`** — 41 comprehensive tests, all passing

All validation passed: **mypy clean**, **ruff clean**, **41/41 tests green**.