I'll complete this task by integrating metrics into the ExecutionService. Let me start by understanding the current state of the codebase.Great! Now I understand the MetricsStore implementation. Let me now examine the current ExecutionService more carefully and understand what changes are needed:Now let me read more of the models file to understand ToolMetrics better:Perfect! Now I understand the structure. Let me implement the changes to integrate metrics into ExecutionService:Now update the docstring for ExecutionService to mention metrics_store:Now update the `__init__` method to accept the metrics_store parameter:Now update the `execute()` method to record metrics after execution:Now add the `get_metrics()` method at the end of the ExecutionService class:Perfect! Now let's run the feedback loops to make sure everything works correctly. Let me first check if there are any tests that need to be updated:Now let's run the type checker, tests, and linter to ensure everything is working:Great! Now let's run the tests:Good! All tests pass. Let's also run the registry integration tests:Perfect! Now let's run the linter to check for any style issues:Excellent! Now let's create a comprehensive test to verify the metrics integration works as expected:Let me add comprehensive tests for the new metrics functionality at the end of the test file:Now let me add comprehensive tests for the new metrics integration:Perfect! Now let's run the new tests to make sure they all pass:Excellent! All new tests pass. Let's run all the tests together to make sure we haven't broken anything:Perfect! All tests pass. Now let's run the full test suite and type checking to ensure everything works:Great! All feedback loops pass. Now let's close the task and commit the changes:Now let's commit the changes:Perfect! Now let's append the learnings to progress.txt:Perfect! Let me verify the task is properly closed and check if there are any remaining tasks:Perfect! Task cub-p9q.3 is successfully closed. Let me check if there are any tasks ready to work on in the same epic:There's one more task ready in the same epic. However, since my task is complete, let me provide a summary:

## Task Completion Summary

✅ **Task cub-p9q.3: Integrate metrics into ExecutionService** - Successfully completed!

### What was implemented:

1. **Updated ExecutionService.__init__**: Added optional `metrics_store` parameter to enable automatic metrics recording
   
2. **Modified execute() method**: Added automatic call to `metrics_store.record_execution(result)` after tool execution (only when metrics_store is configured)

3. **Added get_metrics() method**: Returns `ToolMetrics | None` for a specific tool, handles missing metrics store gracefully

4. **Added get_degraded_tools() method**: Returns `list[ToolMetrics]` for tools below a success rate threshold, uses the existing `MetricsStore.filter()` method with a lambda

### Testing & Validation:

- ✅ Added 8 comprehensive test cases covering all new functionality
- ✅ All 44 execution module tests pass
- ✅ Type checking passes (mypy)
- ✅ Linting passes (ruff)
- ✅ Backward compatibility maintained (metrics_store is optional)

### Files Modified:

- `src/cub/core/tools/execution.py` - Core implementation
- `tests/test_tools_execution.py` - Comprehensive test coverage

### Key Design Decisions:

- Made metrics_store **optional** to maintain backward compatibility
- Automatic recording in `execute()` - no manual intervention needed
- Graceful handling when metrics_store is None (returns None or [])
- Leveraged existing MetricsStore functionality for atomic persistence

The integration enables the learning loop to automatically track tool performance and identify degraded tools without any changes to existing code using ExecutionService!