I'll help you refactor `cub session done` to use `SessionLedgerIntegration`. Let me start by understanding the current implementation and the integration class.Now let me read the test file to understand the expected behavior:Let me search for session-related tests:Let me check if there are tests for the CLI session commands:Now let me understand the SessionLedgerIntegration better to see how to use it:Perfect! Now I understand the task. The current `cub session done` command in `session.py` manually constructs `LedgerEntry` objects with ad-hoc code (lines 138-260). I need to refactor it to use `SessionLedgerIntegration` instead, creating synthetic forensics events to simulate what would have happened if hooks were active.

Let me create a plan:Now let me understand the forensics format better by looking at how events are created:Let me check the hooks.py file to see the exact format of events:Perfect! Now I can see the forensics event format. Let me look at how these are written to the forensics log:Excellent! Now I understand the complete picture. The `cub session done` command needs to:

1. Create a temporary forensics file with synthetic events
2. Write events: session_start, task_claim, task_close, session_end
3. Call `SessionLedgerIntegration.on_session_end()` with the forensics path
4. Optionally clean up the temporary forensics file or leave it for audit

Let me update the todo and implement:Now let me refactor the `done` command:Now I need to add JSON import and refactor the done command:Now let me refactor the entire `done` function:Perfect! Now let me verify the refactored code looks good:Excellent! The refactoring looks good. Now let me update the todo and run the feedback loops:Let me first do a quick manual test to check if the command works:The warning is just about module loading, which is fine. Let me check the help output more specifically:Good! The command interface is intact. Now let me run the feedback loops:Great! Now let's run the tests:Good! All session-related tests pass. Let me also run the full test suite to make sure nothing broke:There's a pre-existing test failure unrelated to my changes. Let me check if this test was already failing:Let me run that specific test to see if it's a pre-existing issue:Let me check if this test failure is pre-existing by running it on the unchanged codebase:Good! The test failure is pre-existing and not caused by my changes. Let me restore my changes:Now let me run lint to ensure the code style is correct:Perfect! Let me also run tests that are specifically related to session.py to ensure backwards compatibility:Excellent! All tests pass. Now let me update the todo and close the task:Perfect! All feedback loops passed. Now let me close the task:Now let me commit the changes:Perfect! Now let me append learnings to progress.txt:Excellent! Let me check if there are any remaining tasks:Let me check if all tasks in the cub-v8n epic are closed:Perfect! All tasks in the cub-v8n epic are now completed. Let me output the completion signal:

## Summary

✅ **Task cub-v8n.4 completed successfully!**

I've successfully refactored `cub session done` to use `SessionLedgerIntegration` instead of manually constructing `LedgerEntry` objects. This eliminates code duplication and provides a single code path for creating ledger entries.

### What Changed:
1. **Replaced ad-hoc LedgerEntry construction** (~150 lines) with a clean integration approach
2. **Created synthetic forensics events** that simulate a session lifecycle:
   - session_start → task_claim → file_write → task_close → session_end
3. **Called `SessionLedgerIntegration.on_session_end()`** to synthesize the ledger entry from forensics
4. **Maintained full backward compatibility**: Same CLI interface, output messages, and ledger entry format

### Verification:
- ✅ Type checking passed (mypy)
- ✅ All 35 session-related tests passed
- ✅ Linting passed (ruff)
- ✅ Manual CLI testing confirmed interface compatibility
- ✅ Task closed and committed

### All tasks in the cub-v8n epic are now complete! 🎉

<promise>COMPLETE</promise>