I'll complete this task by moving bash_delegate to the CLI layer. Let me start by marking the task as in progress, then search the codebase to understand the current structure.Now let me read the actual bash_delegate.py file and other relevant files:Now let me check if the `cli/delegated/` directory exists:I can see there's a `review/` directory but no `delegated/` directory. Let me create it and move the file. Now I'll implement the task:Now update the import in `cli/delegated.py`:Now update the import in `tests/test_bash_delegate.py`:Now I need to update the tests to patch the correct module. Let me check what needs to be updated in the test file:Let me read the file again to check the exact spacing:Now let me check if there are any other files that import bash_delegate:Let me read and update test_cli_delegated.py:I need to update the patch references in this file:Now let me remove the old file:Now let me verify the changes work by running the tests:Ah, I see the issue. The `cli/__init__.py` is trying to import from the `delegated` module but now there's a package collision. Let me check the structure:I see - we have both `delegated.py` (module) and `delegated/` (package) which creates a conflict. According to the task description, I should be creating `cli/delegated/runner.py` but the imports in `cli/delegated.py` should still work. The issue is that Python is finding the package first. Let me check the CLI init file to understand the import pattern:I see the issue - since we now have both a `delegated.py` module AND a `delegated/` package, Python is getting confused. The solution is to make the `delegated/` package work as a proper replacement. I need to expose the functions from the `delegated` package's `__init__.py`. Let me read the full delegated.py to see what needs to be exposed:Wait, I misunderstood the task. Looking at the task description again:

> Move `core/bash_delegate.py` to `cli/delegated/runner.py`

This means the file should be INSIDE a delegated package, not replace the delegated.py module. The delegated.py module should stay as-is (as a module file), and we're creating a NEW package structure INSIDE cli/ called `delegated/` that contains `runner.py`.

But that creates a namespace collision - we can't have both `cli/delegated.py` and `cli/delegated/` at the same time in Python.

Let me re-read the task requirements more carefully. The task says to move bash_delegate to `cli/delegated/runner.py` and update imports in `cli/delegated.py`. This suggests:
1. Keep `cli/delegated.py` as a module
2. Create a SUBFOLDER that doesn't conflict

Wait, looking at the file structure again - I think the issue is that we SHOULD be able to have both a module and a package with the same name if we're careful. But that's not recommended. Let me check the architecture plan to see what the intent is:I see! The plan says to move `core/bash_delegate.py` to `cli/delegated/`. This means the structure should be:
- `cli/delegated.py` stays as the CLI command module
- `cli/delegated/` is a NEW package directory
- `cli/delegated/runner.py` contains the bash delegation logic

But wait, this creates a Python namespace collision. You can't have both `delegated.py` and `delegated/` in the same directory.

Let me check if there's any other context in the itemized plan:Alright, so the plan expects `cli/delegated/runner.py` to exist. This means I need to restructure this differently. The issue is the namespace collision. Let me think about this:

Option 1: Have both `delegated.py` and `delegated/__init__.py` - this won't work in Python, as the directory takes precedence.

Option 2: Rename the file `delegated.py` to something else - but the task doesn't say to do that.

Option 3: Move the contents of `delegated.py` INTO `delegated/__init__.py` and create the package properly.

Looking at the imports in `cli/__init__.py`, it imports `delegated` and then uses `delegated.artifacts`, `delegated.prep`, etc. This would still work if `delegated` was a package with those functions exported from `__init__.py`.

Let me go with Option 3 - convert the module to a package:Good! Now the structure is:
- `cli/delegated/` - package
- `cli/delegated/__init__.py` - contains the command functions
- `cli/delegated/runner.py` - contains the bash delegation logic

Now I need to update the import in `delegated/__init__.py`:Perfect! The import is already correct from my earlier edit. Now let's run the tests again:Excellent! Now let's test the delegated commands:Perfect! All tests pass. Now let me verify that no Rich imports remain in the core directory and run the full feedback loops:Excellent! Now let's run typecheck to make sure everything is working:Great! Now let's run linting:Perfect! Now let's run the full test suite to make sure nothing else broke:Perfect! All tests pass. Let me also verify that the CLI still works by checking if the import structure is correct:Excellent! Now let me verify the acceptance criteria:

1. ✅ `core/bash_delegate.py` no longer exists
2. ✅ Delegated commands work unchanged (tests pass)
3. ✅ No Rich or sys.exit in any `core/` module (grep returned nothing)

Now let's close the task and commit:Now let's commit the changes:Perfect! The task has been completed successfully. Let me verify the git status:Excellent! Let me verify the final structure one more time:Perfect! Task completed successfully. Here's a summary of what was done:

## Summary

Successfully moved `core/bash_delegate.py` to `cli/delegated/runner.py`, removing Rich dependencies and `sys.exit()` calls from the core layer.

### Changes Made:

1. **Created package structure**: Converted `cli/delegated.py` to a package (`cli/delegated/__init__.py`) to avoid namespace collision
2. **Moved bash delegation logic**: Relocated `core/bash_delegate.py` to `cli/delegated/runner.py`
3. **Updated all imports**:
   - `cli/delegated/__init__.py` now imports from `.runner`
   - `tests/test_bash_delegate.py` updated to import from `cub.cli.delegated.runner`
   - `tests/test_cli_delegated.py` updated to patch `cub.cli.delegated.runner`
4. **Removed old file**: Deleted `core/bash_delegate.py`

### Verification:

✅ All 45 tests pass (15 bash_delegate tests + 30 CLI delegated tests)  
✅ Type checking passes  
✅ Linting passes  
✅ No Rich imports remain in `core/` directory  
✅ Delegated commands (prep, branch, artifacts, etc.) work unchanged  
✅ Task closed and changes committed