I'll start by claiming this task and then conduct a thorough audit of the exit paths in `run.py`.Let me search for the correct path to the run.py file:The file is large. Let me read it in sections:Let me continue reading the file to capture all exit paths:Now let me read the key sections more carefully to understand the main flow and exit paths:Let me continue reading to get all exit paths:Now I have a comprehensive view of the file. Let me check if the `.cub/docs` directory exists and then create my audit document:Now let me create the comprehensive audit document:Perfect! Now let me verify the document was created properly and then close the task:Excellent! The audit document is created. Now let me close the task and commit:Now let me append my learnings to progress.txt:Perfect! Let me provide a summary of what was completed:

## Task Completed: Audit run.py exit paths ✅

I've successfully completed a comprehensive audit of all exit paths in `src/cub/cli/run.py` and created detailed documentation.

### What was delivered:

**📄 Audit Document: `.cub/docs/run-exit-paths.md`**
- 316 lines, 13KB of detailed analysis
- Identified **57 distinct exit paths** across 7 categories
- Documented artifact creation status for each path
- Provided recommendations for fixing gaps

### Key Findings:

**✅ Strengths:**
- Main loop has excellent artifact preservation via `finally` block (lines 1893-2012)
- Handles 15+ exit conditions including interrupts, budget exhaustion, task failures
- Creates comprehensive forensic artifacts: run.json, status.json, prompt.md, harness.log, task.json

**⚠️ Critical Gaps:**
1. **Direct mode** - Missing run.json artifact
2. **GH-issue mode** - Missing run.json artifact  
3. **Sandbox mode** - No host-side artifacts
4. **Parallel mode** - No unified run.json
5. **Pre-loop hook failure** - Exits before try block, bypasses finally
6. **Force SIGINT** - Double Ctrl+C bypasses cleanup

### Coverage Statistics:
- Only **26% of exit paths** fully covered (15 of 57)
- 28 paths create partial artifacts
- 29 paths create no artifacts at all

### Next Steps:
The audit document includes specific recommendations for:
- Priority 1: Add run artifacts to alternate modes
- Priority 2: Fix pre-loop hook failure path
- Priority 3: Handle force SIGINT gracefully
- Priority 4: Track early validation failures (optional)

This audit provides the foundation needed to implement **E4 (Clean exits on all paths)** and will guide the test implementation for ensuring artifacts are created even on interrupt or failure.