I'll help you implement the ToolMetrics model. Let me start by understanding the current codebase structure and then implement the task.Now let me search for any existing metrics-related code to understand patterns:Let me search for the spec file in a broader location:Perfect! Now let me look at test patterns to understand how to properly test the metrics model:Great! Now I understand the codebase patterns. Let me implement the ToolMetrics model. Based on the task description and the existing code patterns, I'll add the ToolMetrics model to the models.py file:Now let me update the module docstring to include ToolMetrics in the examples:Now I need to add ToolMetrics to the module's `__all__` export list and create comprehensive tests. Let me first check if there's an __all__ export:Good, no __all__ to update. Now let me create comprehensive tests for the ToolMetrics model:Now let me add comprehensive tests for ToolMetrics at the end of the test file:Perfect! Now let's run the feedback loops to ensure everything is working correctly:Excellent! All tests pass. Let's run the full test suite to ensure we didn't break anything:Perfect! All tests pass and linting is clean. Now let's close the task and commit our changes:Now let's append our learnings to progress.txt:Perfect! Now let's check if there are more tasks to work on:Great! The next task in our epic is cub-p9q.2 (Implement MetricsStore). Let me check the details:Perfect! Let me work on task cub-p9q.2 to implement the MetricsStore. Let me start by claiming the task and understanding what needs to be implemented:Let me look at existing store patterns to understand the atomic write pattern and best practices:Perfect! I now have a clear understanding of the atomic write pattern and store patterns used in the codebase. Let me create the MetricsStore:Now let's create comprehensive tests for the MetricsStore:Now let's run the feedback loops to verify everything works:I need to fix the type annotation for the predicate parameter. Let me use the proper typing.Callable:Now let's run the tests again:Perfect! All tests pass. Let's run linting and then close the task:Excellent! All feedback loops pass. Let's close the task and commit:Perfect! Two tasks completed successfully. Let me check what's next:Excellent! I've completed two tasks successfully:

## Summary

**Task cub-p9q.1: Define ToolMetrics model** ✓
- Implemented comprehensive ToolMetrics Pydantic model
- Added fields for invocations, success/failure counts, timing stats, error tracking
- Helper methods: `success_rate()`, `failure_rate()`, `record_execution()`
- 19 comprehensive tests, all passing
- mypy clean, ruff clean

**Task cub-p9q.2: Implement MetricsStore** ✓  
- Created MetricsStore storage layer following established patterns
- Atomic write pattern prevents file corruption
- Methods: load, save, get, get_or_create, record_execution, list_all, filter, remove, clear_all
- Project-level storage at `.cub/tools/metrics.json`
- 22 comprehensive tests, all passing
- mypy clean, ruff clean

Both tasks are committed with detailed commit messages and learnings documented in progress.txt. The implementation follows existing codebase patterns from RegistryStore and CaptureStore, ensuring consistency.

Next ready tasks in the learning loop epic:
- cub-p9q.3: Integrate metrics into ExecutionService
- cub-p9q.4: Add cub tools stats command  
- cub-p9q.5: Add tests for metrics