I'll help you complete this task. Let me start by understanding the current state of the project and then implement the `--no-circuit-breaker` CLI flag.

## Step 1: Mark task as in progress## Step 2: Explore the codebase

Let me search for the current CLI implementation and understand the structure:Let me search for the run.py file and related configuration:Great! I can see the `--no-circuit-breaker` flag is already in the code at line 797-800. Let me check the entire section around that flag to understand the current implementation:Perfect! The flag already exists. Let me now check the CircuitBreaker implementation and the configuration to understand the full picture:Let me continue reading the config models to find the CircuitBreakerConfig:Great! Now let me check the README to see if there's any documentation about the circuit breaker:Let me check if there's a main README at the root:Now let me check the help output of `cub run` to understand what's already documented:Let me search for circuit breaker references in the README to see if it's already documented:Good! Now let me check what the exact implementation status is. Let me look at the run.py file more carefully to understand what's already in place for the flag:Perfect! The implementation is already in place. Now let me check if the help text is properly showing. Let me run the command to see the current help:Excellent! The flag is already documented in the help text. Now let me verify that the flag is working correctly by checking a few things:

1. Check that the configuration properly handles circuit_breaker enabled/disabled
2. Look for any tests related to the circuit breaker
3. Check the README to see if we need to document when to use this flag

Let me search for tests:Let me check the test file:Perfect! The implementation is complete and well-tested. Now let me check the README to see if we need to add documentation about the `--no-circuit-breaker` flag:The README doesn't have any documentation about the circuit breaker yet. Let me search for a section about cub run flags to understand where to add this documentation:Let me check what's around line 399 to understand the structure of this section:Great! I can see the structure. The `--no-circuit-breaker` flag should be added after the sync control section. Let me also check what's after line 425 to see if there's more context about safety/reliability:Perfect! Now I understand the structure. I need to add the `--no-circuit-breaker` flag to the README in the "Sync control" section, and perhaps add a brief explanation somewhere about when to use it. Let me add it to the README:Great! Now let me add a more detailed explanation section about the circuit breaker and when to use the `--no-circuit-breaker` flag. Let me find a good place for this, perhaps near the Guardrails or Reliability section:Let me check what's in the Guardrails section:Perfect! I found a good section to add documentation about the circuit breaker. It should go right after the Iteration Limits section, before Secret Redaction. Let me add a subsection about the Circuit Breaker:Excellent! Now let me verify that all the code is working correctly by running the tests and checking for any issues:Let me wait for the tests to complete:Perfect! All tests pass. Now let me verify the CLI help is correct and run any additional checks:Great! Now let me run type checking to ensure there are no typing issues:The type checking ran but picked up an unrelated module. Let me just check for imports and syntax in the run.py file to ensure the circuit breaker flag is properly used:Excellent! Now let me verify the flag works in practice by checking the code logic again:Perfect! The flag is:
1. Defined as a CLI option at line 797
2. Used to pass to monitor/dashboard at line 1180
3. Used to determine circuit breaker enabled status at line 1268

Let me verify the configuration is properly documented:Perfect! Everything is properly configured. Now let me run a final comprehensive check and then commit the changes. Let me verify that the README changes look good:Perfect! The documentation is comprehensive and clear. Now let me check git status to see what's been changed:Good! I can see that README.md has been modified. The implementation of the `--no-circuit-breaker` flag was already complete in the code. My task was to document it in the README, which I've done. Now let me verify one more time that the flag and documentation are working:Perfect! Everything is working. Now let me stage the changes and commit:Now let me commit the changes:Perfect! Now let me close the task:Excellent! Now let me update the progress file with learnings:Now let me append the learnings from this task to the progress file:Let me be more specific with the context:Let me read the file again to see the exact content:Let me append to the end of the file:Perfect! Now let me verify the changes are complete by checking git status and verifying everything is committed:Perfect! The main code change (README.md) has been committed. The ledger files are automatically managed by cub and don't need to be committed. Let me verify the task is closed:Excellent! The task is closed. Let me verify the commit is present:Perfect! Let me create a summary of what was accomplished:

## Summary

I have successfully completed task **cub-r5c.4: Add --no-circuit-breaker CLI flag**.

### What Was Done

1. **Discovered the Implementation Was Complete**: The `--no-circuit-breaker` flag was already fully implemented in `src/cub/cli/run.py`:
   - Flag defined at line 797-800 with `typer.Option`
   - Used to override circuit breaker config at line 1268
   - Properly integrated with circuit breaker logic

2. **Added Comprehensive README Documentation**:
   - Added CLI example in "Sync control" section showing: `cub run --no-circuit-breaker`
   - Created new "Circuit Breaker: Stagnation Detection" section in the Guardrails area explaining:
     - How the circuit breaker works
     - What happens when it trips
     - When to disable it (e.g., for long model training operations)
     - Configuration options via both CLI flag and config file
     - Example timeout customization

3. **Verified Implementation Quality**:
   - All 19 circuit breaker tests passing
   - Help text is clear and accurate: "Disable circuit breaker timeout protection (overrides config)"
   - Proper precedence: CLI flag overrides config file setting
   - CircuitBreakerConfig model fully supports enable/disable and timeout configuration

4. **Committed Changes**:
   - Commit: `task(cub-r5c.4): Add --no-circuit-breaker CLI flag documentation`
   - Task marked as CLOSED via `bd close cub-r5c.4`

### Key Learnings Documented

The task demonstrated that well-implemented features can lack user-facing documentation. The circuit breaker mechanism was complete and tested, but users needed clear guidance on:
- When to use the flag (legitimately long operations)
- How to disable it (CLI flag or config file)
- How to customize timeout duration
- What to expect when the circuit breaker trips

This was documented in the README with practical examples and clear organization within the Guardrails safety features section.

<promise>COMPLETE</promise>Perfect! The task has been completed successfully. The system notifications confirm:

1. ✅ **Task cub-r5c.4 is CLOSED** - The beads backend confirms the task status
2. ✅ **Commit created** - `task(cub-r5c.4): Add --no-circuit-breaker CLI flag documentation`
3. ✅ **Progress documented** - All learnings added to @progress.txt
4. ✅ **All tests passing** - Circuit breaker tests verified (19 tests, all passing)

### What Was Accomplished

**Task:** Add `--no-circuit-breaker` CLI flag documentation

**Result:** The flag was already fully implemented in the codebase. I added comprehensive user-facing documentation to the README that explains:

- **How it works**: Detects harness stagnation (no activity for 30 minutes by default)
- **When to use it**: For legitimately long operations like model training or large dataset processing
- **How to enable it**: Via `--no-circuit-breaker` CLI flag or config file setting
- **Configuration**: How to customize the timeout duration

The documentation was added in two places:
1. **CLI Examples Section** - Quick reference showing the flag usage
2. **Guardrails Section** - Comprehensive explanation of the circuit breaker safety mechanism alongside other guardrails

All existing tests pass, help text is accurate, and the feature is ready for users.