I'll help you implement the ledger gc stub command. Let me start by examining the current structure of the project and understanding the codebase.Let me check the current working directory:Good! I'm in the right directory. Let me examine the current ledger CLI and related files:Now let me check the structure of the ledger system to understand how tasks are stored:Let me explore the task directory structure and understand the file organization:Good! I can see the structure. Let me check what's in the attempts directory:Perfect! Now let me look at the task definition and existing tests to understand the requirements better:Now let me check how other commands are structured and look at the writer to understand how to implement the gc command:Let me see what attempt files look like and explore the complete ledger structure:Perfect! Now I understand the structure. Let me check the project structure to see if there's any existing pattern for utility functions:Now let me mark the task as in_progress and implement the gc command. First, let me update the task status:Now let me implement the gc command. First, let me check what tests already exist for the ledger command:Now I'll implement the `ledger gc` command. Let me add it to the ledger.py file:Excellent! Now let me test the implementation to make sure it works correctly:Let me use the proper CLI invocation:Good! Let me test with a lower keep_latest to see the output:Perfect! The command is working as expected. Now let me test the help output and the -k short option:Great! Now let me run the tests to ensure everything is working correctly:Excellent! All existing tests pass. Now let me run type checking and linting:I see there are type issues. Let me fix them:Let me also fix the final size_bytes issue:Now let's check the mypy output again:Great! Now let's run the linting checks:Perfect! Now let me run the full test suite to make sure I haven't broken anything:Excellent! Now let me test the command one more time to ensure it's still working:Perfect! Now let me close the task and create a commit:Now let me commit the changes:Perfect! Now let me close the task with beads:Great! Now let me append learnings to progress.txt:Perfect! Let me verify everything one more time by running a comprehensive test:Excellent! Let me also verify the command works with the actual cub interface:Perfect! Let me verify the git status:Perfect! Let me verify the task status in beads:Perfect! Everything is complete. Let me create a summary of what was accomplished:

## Summary

I have successfully implemented the **ledger gc stub command** for task cub-c5i.4. Here's what was completed:

### ✅ Implementation

Added a new `cub ledger gc` command to `src/cub/cli/ledger.py` that:

1. **Scans all task directories** under `.cub/ledger/by-task` for attempt files
2. **Identifies files to delete** based on the `--keep-latest` parameter (default: 5)
3. **Calculates space savings** and displays a formatted summary

### 🎯 Key Features

- **`--keep-latest N` (default 5)**: Configurable retention policy per task
- **`-k` short option**: Alias for `--keep-latest`
- **`--dry-run` (always true)**: Placeholder for future actual deletion functionality
- **Rich formatted output** with:
  - Per-task breakdown table
  - Total files to delete
  - Estimated space freed (in MB)
  - Clear messaging about dry-run mode

### ✨ Edge Cases Handled

- No ledger exists → warns user gracefully
- No task directories → warns user
- Tasks with no attempt files → skips them
- All files within retention period → displays "No files to delete"

### ✅ Quality Assurance

- ✓ All 16 existing ledger CLI tests pass
- ✓ No mypy type errors
- ✓ All ruff linting checks pass
- ✓ Manual testing confirms correct behavior
- ✓ Commit created: `c0fd1b1`
- ✓ Task closed in beads

### 📝 Documentation

- Added comprehensive docstring with examples
- Help text displays correctly (`cub ledger gc --help`)
- Inline comments explain retention logic
- Progress documented in progress.txt

The implementation is complete and ready for future enhancement with actual deletion functionality.