I'll complete this task by implementing the `cub tools configure` command. Let me start by searching the codebase to understand existing patterns and the current state of the tools CLI.Great! I can see the freedom dial and approval system is fully implemented in `src/cub/core/tools/approvals.py`. Now I need to add the `configure` command to the CLI. Let me check the ApprovalService API more closely and then implement the command.Perfect! Now I have all the information I need. Let me implement the `configure` command. I'll add it to `src/cub/cli/tools.py`:Now let me add the `configure` command before the `__all__` at the end of the file:Excellent! Now let me run the feedback loops to ensure everything works correctly:Good! The tests are passing. The mypy error is unrelated to my changes (it's in a different file). Let me run mypy specifically on the tools.py file to ensure my changes are type-safe:The mypy error is unrelated to my changes. Let me test the command manually to ensure it works:Perfect! Now let me test the actual functionality:Excellent! Now let me test setting the freedom level and approving/revoking tools:Perfect! The command is working correctly. Let me verify the saved configuration file:Excellent! Let me reset the configuration back to defaults and test the edge cases:Perfect! The error handling is working correctly. Now let me run the linter:Excellent! All checks pass. Let me also test the command appears in the main tools command list:Perfect! The `configure` command is now available. Let me run a final comprehensive test suite to ensure everything is working:The tests are taking a while. Let me check the current output:Let me check if the file exists:The test is still running. Let me kill it and just run a focused test to verify my code doesn't break anything:Let me find the right test file:Let me run a few specific tests to verify the implementation works:Let me verify the imports work correctly in Python:Perfect! Now let me close the task and commit the changes. First, let me check the AGENT.md to see if there's any build/test information I should update:Good, the AGENT.md doesn't need updates for this task. Now let me close the task and commit:Now let me append learnings to progress.txt:Perfect! Now let me check if there are any more tasks to complete:Let me check if there are any ready tasks:Let me check the status of the epic I'm working on:Great! There's one more task remaining in the epic: cub-t5w.5 (Add integration tests). Let me check that task:Perfect! Let me work on the final task cub-t5w.5 to complete the epic. Let me claim it and start implementing:Excellent! Now I have a comprehensive understanding of the testing patterns. Let me create the integration test file for the complete flow: discover → adopt → execute → learn.Excellent! Now let me run the integration tests to verify they all pass:I have an import error. Let me check the correct import paths:I see - registry is a single file, not a package. Let me check the correct imports:Let me check what models exist:I see - the model is `ToolConfig`, not `ToolDefinition`. Let me also check what's in the registry tests:Good! Now let me check how ToolConfig is used:Perfect! Now I understand the correct structure. Let me fix the integration tests:Now let me fix the ToolDefinition usages to use ToolConfig:Now let me run the tests again:I need to check the AuthConfig model to see what's required:I see - env_var is required. Let me fix the tests:Now let me run the tests again:Let me check the RegistryService API:Let me see if there's a method to list tools:It looks like there's no list_tools method. Let me check the Registry model to see if I can list tools directly:Perfect! The Registry has a `tools` dict. Let me update the tests to use the registry directly:Now let me run the tests again:I missed one more place. Let me fix it:Excellent! All tests pass! Now let me run the linter and type checker:Let me fix these issues. First, remove unused imports and fix the ToolConfig issues:Now let me check if ToolConfig has a description field:I see - ToolConfig doesn't have a `description` field. Let me remove that from the tests:Now let me run the linter and type checker again:Let me fix the import sorting:Great! Now let me verify everything passes:Perfect! All tests pass and linting is clean. Now let me close the task and commit:Now let me check the status of the epic:Perfect! All tasks in the epic are complete. Let me close the epic and append learnings to progress.txt:Perfect! Let me check if there are any more tasks ready to work on:Great! I've completed both tasks assigned to me:
1. ✓ cub-t5w.4 - Add cub tools configure command
2. ✓ cub-t5w.5 - Add integration tests

The epic cub-t5w is now complete. Let me output the completion signal:

<promise>COMPLETE</promise>

## Summary

I successfully completed both tasks in the unified-tool-ecosystem epic:

### Task 1: cub-t5w.4 - Add cub tools configure command
- Implemented comprehensive CLI command for managing freedom dial and tool approvals
- Supports setting freedom level (low/medium/high)
- Supports approving/revoking tools and marking as always-prompt
- Rich-formatted output with tables and panels
- Configuration persisted to `~/.config/cub/tools/approvals.json`
- Full error handling and validation

### Task 2: cub-t5w.5 - Add integration tests
- Created 9 comprehensive integration tests (645 lines)
- Tests cover full flow: discover → adopt → execute → learn
- Tests all freedom levels and approval scenarios
- Tests registry integration
- Tests metrics/learning integration
- Complete end-to-end test with all components
- All tests pass in ~0.12 seconds

The epic **cub-t5w (unified-tool-ecosystem #5: Lifecycle Integration)** is now **COMPLETE** with all 5 tasks closed.Perfect! I have successfully completed both tasks for the unified-tool-ecosystem epic:

## Completed Work

### Task cub-t5w.4: Add cub tools configure command ✓
- Implemented comprehensive CLI command for managing freedom dial and tool approvals
- Supports `--freedom`, `--approve`, `--revoke`, `--always-prompt`, and `--show` options
- Rich-formatted output with panels and tables for excellent UX
- Configuration saved to `~/.config/cub/tools/approvals.json`
- Fully tested and validated with manual testing

### Task cub-t5w.5: Add integration tests ✓
- Created comprehensive integration test suite with 9 tests covering:
  - Approval system with all freedom levels (LOW/MEDIUM/HIGH)
  - Registry integration (discover → adopt → execute)
  - Metrics/learning integration (execute → learn)
  - Complete end-to-end flow with all components
- All tests pass in ~0.12 seconds
- Uses proper fixtures and mocking patterns
- Follows existing test patterns in the codebase

## Epic Status

**Epic cub-t5w (unified-tool-ecosystem #5: Lifecycle Integration)** is now **COMPLETE** ✓

All 5 tasks in the epic are closed:
1. ✓ cub-t5w.1: Add capability gap recognition API
2. ✓ cub-t5w.2: Implement freedom dial configuration
3. ✓ cub-t5w.3: Integrate tools with workbench
4. ✓ cub-t5w.4: Add cub tools configure command
5. ✓ cub-t5w.5: Add integration tests

All changes have been committed to the feature branch with proper commit messages and co-authorship attribution. The learnings have been documented in progress.txt for future reference.