I'll start by claiming the task and understanding the current state of the codebase.Let me search for existing test files and the metrics implementation:Now I need to check if there's a `test_tools_metrics.py` file and look at the ToolMetrics model to understand what tests are needed:Let me read the models file to understand the ToolMetrics class:Now I understand the structure. The task asks me to add tests for metrics, specifically for "metrics recording, persistence, and degradation detection". Looking at the existing tests, I can see that `test_tools_metrics_store.py` already tests the MetricsStore class thoroughly. The task description mentions `tests/test_tools_metrics.py`, which should test the ToolMetrics model itself.

Let me check what methods the ToolMetrics class has that need testing:

1. `success_rate()` - Calculate success rate as percentage
2. `failure_rate()` - Calculate failure rate as percentage  
3. `record_execution()` - Update metrics based on execution result
4. Validators for timestamps

I also need to test "degradation detection" - which likely means testing scenarios where success rates drop over time.

Let me create the test file:Now let's run the tests to make sure they all pass:I have two failing tests due to incorrect calculations in my test. Let me fix them:I see the issues:

1. The first test is iterating through a list but I only iterate 4 times (not recording the count correctly). The second element of each tuple was supposed to be a count but I'm ignoring it.
2. The second test has a math error - durations are 100, 120, 140, 160, 180 which average to 140, not 160.

Let me fix both:Now I need to update the rest of the timing degradation test to reflect the corrected baseline:The timing degradation calculation needs to be updated. Let me calculate it:
- First 5: 100, 120, 140, 160, 180 = 700ms total
- Next 5: 1000, 1250, 1500, 1750, 2000 = 7500ms total
- Combined total: 8200ms / 10 invocations = 820ms averageNow let's run the tests again to make sure they all pass:Perfect! All tests pass. Now let's run the full feedback loop to make sure we haven't broken anything else:Excellent! All metrics tests pass. Now let's run type checking and linting:I need to add type annotations to all the test methods. Let me look at the existing test files to see the pattern:I see - the existing tests don't have return type annotations either. But mypy is requiring them now. Let me add `-> None` to all test methods. I'll use a search and replace approach:Now I need to add `-> None` to all other test methods. Let me use a more efficient approach - reading the file and doing batch edits:Great! The sed command worked and added return type annotations. However, there's still the issue with the ISO string arguments. Let me fix that by using `type: ignore` comments for those specific lines:Now let's run type checking again:Perfect! Now let's run linting:Excellent! Now let's run all the tests one more time to make sure everything still works:Perfect! All tests pass. Now let's close the task and commit our changes:Now let's commit the changes:Now let's append learnings to progress.txt:The progress file is very large. Let me just append to it:Perfect! Now let me check if there are any more tasks remaining:There are still many open tasks, but let me check if all tasks in the current epic are closed:Perfect! All tasks in the cub-p9q epic are now closed. The epic itself is still open, but all its child tasks are complete. Let me check if there are any ready tasks to work on:Perfect! The task is complete. Let me provide a summary:

## Task Complete: cub-p9q.5 - Add tests for metrics

I successfully completed the task by creating a comprehensive test suite for the ToolMetrics model in `tests/test_tools_metrics.py`.

### What was delivered:

1. **35 comprehensive tests** organized into two test classes:
   - `TestToolMetrics` (29 tests) - Core functionality tests
   - `TestDegradationDetection` (6 tests) - Performance degradation detection scenarios

2. **Test coverage includes:**
   - ✅ Metrics creation and initialization
   - ✅ Success/failure rate calculations
   - ✅ Metrics recording (`record_execution` method)
   - ✅ Timing statistics tracking (min, max, avg duration)
   - ✅ Error type tracking with multiple error types
   - ✅ Timestamp handling and normalization (naive datetimes, ISO strings, None values)
   - ✅ Field validation (non-negative values, required fields)
   - ✅ Serialization (to dict and JSON-compatible dict)
   - ✅ **Degradation detection scenarios:**
     - Success rate drops over time
     - Timing degradation (slower executions)
     - New error patterns emerging
     - Increasing error frequency
     - Stable performance baseline
     - Recovery after degradation

3. **All quality checks passed:**
   - ✅ All 35 tests passing
   - ✅ Type checking (mypy) clean
   - ✅ Linting (ruff) clean
   - ✅ No breaking changes to existing tests

The implementation fully addresses the task requirements for testing metrics recording, persistence, and degradation detection, using `tmp_path` for file operations as specified.