I'll complete this task by extracting git operations from `cli/run.py` into a new `core/run/git_ops.py` module. Let me start by understanding the current implementation.Now let me read the actual implementation of the functions I need to extract:Now let me see how these functions are used:Now let me check if there are existing tests for these functions:Now I have a good understanding. Let me create the implementation plan and files:Now let me create the `git_ops.py` file with clean interfaces following the patterns I found in the codebase:Now let me update `cli/run.py` to use the git_ops functions:Now let me make the edits to replace the old functions with imports from git_ops:Now remove the old function definitions:Now update the usage sites to use the new functions:Now let me create comprehensive tests for the git_ops module:Now I need to update the test file to patch the new location. Let me search for the patch locations:Now let me also check for the other functions:Now I'll update all the patch statements to use the new module. Let me do this systematically:Now let me update all the patches systematically:Now I need to update the mock return values since the function signature changed. Let me check what the mocks expect:Let me search for where the mock is used to see what return value it expects:I see, the mocks expect a boolean return value. I need to update them to return a `BranchCreationResult` object. Let me do this:Now let me run the feedback loops. First, let me check what the project uses for these:Good, now let me run the feedback loops:Let me fix these issues:Now fix the line too long:Now check the mypy error about line 255:The mypy error is not related to my changes - it's a pre-existing issue. Let me check if it affects the test_run_core tests:The tests are failing because they're checking that the function was called, but we also need to patch `get_epic_context` and `get_issue_context`. Let me check these specific tests:The test is failing because detect_async_harness returns None, which means there's probably an early exit. Let me check the test for epic_branch_name:I see - these tests need more mocking because they exit early when detect_async_harness returns None. Let me also check if we need to mock get_task_backend:The test exits early because no harness is detected. These tests need to also mock get_task_backend. Let me look at similar working tests to understand the pattern:I see - we need to add get_task_backend mock. Let me update the failing tests:Now let me run the tests again:The tests are still failing. The issue is that when `detect_async_harness` returns None, the function exits early with an error. Let me check the actual output from one of these tests:Let me look at a passing test to see the pattern:I see! The tests expect "No AI harness available" error, which means branch creation happens BEFORE harness detection. These tests are checking branch creation logic, but they also expect it to exit with the "No harness" error. The tests must be verifying that the branch was created before failing on harness detection. Let me trace through the logic more carefully by looking at where branch creation happens in the code:Let me check where the branch creation logic is in the run command, and see if harness detection happens before:Let me find when `_resolve_harness` is called in the run command:Let me look at the order of operations in the run command:I see! The branch creation happens at line 804, and harness setup happens at line 1058. So branch creation happens FIRST, then harness setup. But the tests are failing because the branch creation logic is inside an `else` block that only executes when on main/master. Let me check line 793-802 more carefully:So the branch creation only happens when `current_branch` is in ("main", "master", None). The test is mocking `get_current_branch` to return "main", which should trigger the branch creation. But apparently it's not being called. Let me check if there's an early exit before this logic. Let me check what happens when the harness is not found - does it exit before reaching branch creation?

Let me look at the order of operations more carefully. The branch logic is around lines 738-830. Where is harness setup?Great! So harness setup is AFTER branch creation (line 738 vs 1058). This means branch creation should happen before the harness check fails. But the tests are checking that branch creation was called - and it's not being called. 

Let me look at what happens before the branch creation logic to see if there's an early exit:I see that the branch logic starts at line 738. Now let me check where the control flow goes. Let me check for return statements or exits before line 1058:There are a lot of exits before the harness setup at line 1060. Let me check if there's direct mode or gh-issue mode handling that bypasses the main loop. Let me look at the structure of the run() function more carefully:OK, so there's a `_run_direct` function that exits early. Let me look at all the mode checks and early exits:Aha! So the flow is:
1. Branch creation logic (lines 738-830)
2. Sandbox handling (line 832+)
3. `--direct` mode exit (line 972-985)
4. `--gh-issue` mode exit (line 988-1001)
5. Get task backend (line 1004)
6. Setup harness (line 1058)

So the tests that don't have `--direct` or `--gh-issue` should reach the branch creation logic. But the tests don't have those flags. Wait - let me check if the `--once` flag causes an issue. Oh wait, I see - the test mocks return `None` for `detect_async_harness`, which causes the function to exit early. But that happens AFTER branch creation.

Wait, I think I understand now. These tests are *unit tests* that are testing branch name generation without running the full command. Let me look more carefully at what the tests actually do:The test invokes `app` with `["--epic", "cub-xyz", "--once"]`. It mocks `detect_async_harness` to return `None`, which should cause an error after the branch is created. The test expects `create_run_branch` to be called once with the epic-slug based branch name. The issue is that the function is not being called at all.

Oh wait! I just realized - these tests may have been working with the old boolean return value. But these tests were written BEFORE my changes. Let me check if maybe these tests were already failing or if I need to trace through why they're not working now.

Actually, let me run ALL the test_run_core tests to see if maybe these specific tests were already broken:Let me check the tests on the main branch to see if they pass there. Actually, let me just look carefully at what might have broken. The tests patch `cub.cli.run._create_branch_from_base` which no longer exists - we changed it to `cub.core.run.git_ops.create_run_branch`. But we already updated the patches. So the patches should be hitting.

Wait, maybe I need to also patch the slugify and get_epic_context calls! Let me check what we're importing in cli/run.py:So we import these functions at the top. When we patch `cub.core.run.git_ops.create_run_branch`, that should patch the function in the git_ops module, but the import in cli/run.py has already happened. We need to patch where it's USED, not where it's DEFINED! Let me fix the patches:Now I need to update the mock return value for get_epic_context since it returns an EpicContext object now, not a string:Now let's run the tests again:Great! Now let's run all the Branch Creation tests:Excellent! All branch creation tests pass. Now let's run ALL the test_run_core tests to make sure we didn't break anything:Perfect! All tests pass. Now let's run the final feedback loops:Let me fix these line length issues:Now let me also fix the one with a comment:The replacement already handled it. Let me check if linting passes now:Good! Let me run all checks one more time:Perfect! All feedback loops pass. Now let me update the todo and close the task:Excellent! Now let me close the task and commit:Perfect! Task completed successfully. Let me verify the status:Excellent! Task cub-b1a.5 is now complete. 

## Summary

I successfully completed the task by:

1. **Created `src/cub/core/run/git_ops.py`** with clean, testable interfaces:
   - `slugify(text, max_length=40)` - Convert text to URL-friendly slugs
   - `create_run_branch(branch_name, base_branch)` - Returns `BranchCreationResult` with success/error details
   - `get_epic_context(epic_id)` - Returns `EpicContext` with epic ID and title
   - `get_issue_context(issue_number)` - Returns `IssueContext` with issue number and title
   - Internal helpers: `_get_gh_issue_title()` and `_get_epic_title()`

2. **Extracted functions from `cli/run.py`**:
   - Removed `_slugify()`, `_create_branch_from_base()`, `_get_gh_issue_title()`, and `_get_epic_title()`
   - Updated to import and use the new git_ops functions
   - Enhanced user feedback with rich console messages based on `BranchCreationResult`

3. **Created comprehensive tests** in `tests/test_run_git_ops.py`:
   - 34 tests covering all functions
   - Mocked subprocess and git operations
   - Edge cases and error handling

4. **Updated existing tests** in `tests/test_run_core.py`:
   - Fixed patch locations to match new imports
   - Updated mock return values for new data structures

5. **All feedback loops passed**:
   - ✅ Type checking (mypy)
   - ✅ Tests (pytest) - 45 tests passed
   - ✅ Linting (ruff)

The git operations are now cleanly separated from the CLI layer and can be accessed by any interface through the `core/run/git_ops` module.