I'll start by understanding the current task and examining the existing codebase patterns, particularly the `JsonBackend` class that I need to follow.Good! I've claimed the task and examined the existing code. Now let me check the models to understand the Task structure and see if there's any beads-specific schema information I need to follow:Perfect! Now let me look at the beads issues.jsonl format to understand the schema I need to be compatible with:Great! I can see the beads JSONL format. Now let me understand how the beads backend reads/writes these files to ensure compatibility:Perfect! I now have a clear understanding of the patterns I need to follow. Let me create the `JsonlBackend` class. Based on my analysis:

1. The JSONL format stores one JSON object per line (as seen in `.beads/issues.jsonl`)
2. The Task model already handles beads-compatible schema (with aliases like `dependsOn`/`depends_on` and `issue_type`/`type`)
3. I need to follow the `JsonBackend` pattern for file I/O with atomic writes, caching, and mtime checking
4. The file should be `.cub/tasks.jsonl` based on the task description

Let me create the file:Great! Now let me verify the implementation by running type checking and tests:Perfect! Now let's verify that the backend is properly registered by checking if it can be imported and instantiated:Excellent! Now let's run the test suite to make sure we haven't broken anything:Let me find where the tests are located:Perfect! Let me run all the task-related tests:Perfect! All tests pass. Now let me run linting to ensure code quality:Let me fix the line length issue:Now let's run linting again:Excellent! Now let's run formatting check:Let me check what formatter is used in this project:Let me check the AGENT.md for build instructions:Perfect! Let me run ruff format:Good! Now let's verify all tests still pass after formatting:Perfect! Let me also run type checking once more to ensure everything is still good:Excellent! Now let's verify that the backend can be used in real scenarios by creating a simple integration test:Perfect! The JsonlBackend is working correctly. Now let's close the task and commit the changes:Now let me commit the changes:Great! Now let me append learnings to progress.txt:Let me append to the end of the file:Perfect! Let me check if there are more tasks to complete:Excellent! The task cub-j1a.1 has been successfully completed. Let me check which tasks are ready to work on (no blockers):Perfect! Task cub-j1a.1 is complete, and there are more tasks ready to work on. Let me make a final summary:

## Summary

I have successfully completed task **cub-j1a.1: Create JsonlBackend class with file I/O**.

### What Was Implemented

Created a fully functional JSONL backend at `src/cub/core/tasks/jsonl.py` that:

1. **Implements the full TaskBackend protocol** - All 13 required methods including:
   - CRUD operations (create, list, get, update, close)
   - Dependency-aware queries (get_ready_tasks)
   - Utility methods (task counts, notes, import, epic closure)
   - Backend metadata (name, agent instructions)

2. **Uses beads-compatible JSONL format**:
   - One JSON object per line
   - Compatible with Task model's field aliases (`dependsOn`/`issue_type`)
   - Stores in `.cub/tasks.jsonl`

3. **Follows existing patterns from JsonBackend**:
   - Atomic writes via temp file + rename
   - Caching with mtime check
   - Auto-creation of directories and files
   - Task ID generation with project prefix

4. **Registered via decorator**: `@register_backend("jsonl")` makes it immediately available

### Validation Results

✅ **Type checking**: `mypy --strict` passes  
✅ **Tests**: All 228 existing tests pass  
✅ **Linting**: `ruff check` passes  
✅ **Formatting**: `ruff format` applied  
✅ **Integration tests**: Verified CRUD operations, dependencies, and persistence

### Changes Made

- Created `src/cub/core/tasks/jsonl.py` (754 lines)
- Committed with proper commit message format
- Documented learnings in `progress.txt`

The implementation is complete, tested, and ready for use. The next tasks in the epic (cub-j1a.2, cub-j1a.3, etc.) can now build upon this foundation.