I'll start by understanding the current state of the task and then implement the changes to replace Rich logging with the standard `logging` module in `core/harness/hooks.py`.

Let me begin by claiming the task and examining the relevant files.Let me check the current working directory and find the correct path:Good! Now let me claim the task and read the hooks.py file:Perfect! I can see the file has already been partially updated - it already has `import logging` at line 23 and is using `logger` throughout. However, let me check if there's a `from rich.console import Console` import that needs to be removed. Looking at the file, I don't see any Rich imports, so it appears the file is already using Python's standard `logging` module instead of Rich.

Let me verify this is complete by searching for any remaining Rich usage in the file and checking if the logging is properly configured:Let me check the search results more carefully:Good! The matches are just the word "enrich" in the variable names, not the Rich library. The file has already been completely converted from Rich to the standard `logging` module. Let me verify the logging configuration is properly set up by checking the main function:

Looking at lines 975-980 in the file, I can see:
- The logging is configured with `logging.basicConfig()` 
- It has a proper format: `"[cub-hook] %(levelname)s: %(message)s"`
- It outputs to `sys.stderr` (appropriate for hooks)
- It uses `logging.INFO` level

The file is already fully converted. All the `logger.info()`, `logger.debug()`, `logger.warning()`, and `logger.exception()` calls are in place throughout the file. Let me run the tests to verify everything still works:Excellent! The tests are passing. Let me continue running all the hook tests to completion:Perfect! All hook tests pass. Now let me run the typecheck to ensure there are no type issues:Great! No type errors. Let me also verify the logging configuration is working correctly by checking if there are any issues with the overall codebase:Perfect! All tests pass. Now let me verify the state of the file one more time to ensure the conversion is complete. Let me check if the file uses the logger correctly and document the findings:Excellent! There are no Rich imports or Console references. Let me verify the logging setup is comprehensive:Let me verify the logging is set up correctly by checking the logger variable initialization and setup:Perfect! There are 39 logger calls. Let me verify the logging configuration one more time:Good! Let me check the logging configuration in the main function:Perfect! The conversion is complete and correct. Let me verify by running a final check on the entire test suite to ensure no regressions:Excellent! All tests pass. Now let me run a quick linting check to ensure code quality:Perfect! Now let me check the git status and prepare to commit:Good! The hooks.py file hasn't been modified (as expected, since it was already migrated from Rich to logging). Let me now verify the hook forensics are working correctly by examining the implementation one more time to ensure it's fully compliant with the task requirements:

**Task Verification Summary:**

1. ✅ **Replaced `from rich.console import Console` with `import logging`** - The file has `import logging` at line 23 and no Rich imports
2. ✅ **Replaced `console.print()` calls with `logger.info()`, `logger.debug()`, etc.** - All 39 logging calls use the appropriate logger methods
3. ✅ **Configured logging format in hook entry point** - The `main()` function (lines 975-980) configures logging with:
   - Level: `logging.INFO`
   - Format: `"[cub-hook] %(levelname)s: %(message)s"`
   - Stream: `sys.stderr` (appropriate for subprocess contexts)
4. ✅ **Hook forensics still work correctly** - All 35 hook-related tests pass

The logging configuration is well-designed:
- Uses stderr to avoid interfering with stdout JSON output
- Includes timestamp would require adding it to the format, but the current format `"[cub-hook] %(levelname)s: %(message)s"` is clear and sufficient
- Properly supports all log levels (info, debug, warning, exception)
- Uses extra fields for structured logging when needed

Now let me close the task:Perfect! Now let me verify there are no remaining open tasks by checking the task list:There are still open tasks. Let me check if cub-b1b.4 was my only task in this batch by checking the related issues:Good! I can see cub-b1b.5 is still open. Let me check if that's my next task or if there's a specific instruction for which tasks to work on:This task (cub-b1b.5) is the next one in the epic and depends on the previous tasks which are now complete. However, my current assignment was only for cub-b1b.4, which I've now completed. Let me verify the task was properly closed:Perfect! Task cub-b1b.4 is now closed. Since this was my only assigned task and all checks have passed, I'll output the completion signal:

<promise>COMPLETE</promise>