I'll start by claiming this task and understanding the current state of the codebase.Now let me examine the DependencyGraph class to understand what methods are available for implementing `format_blocked`:Now let me look at the models to understand the structure of ledger entries:Now I have a good understanding of the codebase. Let me check if there are existing format_blocked, format_list, or format_ledger methods that I need to be aware of:Good, these methods don't exist yet. Now let me implement the three methods. I'll start by adding them to the AgentFormatter class:Now I'll add the three methods at the end of the AgentFormatter class, before the `__all__` declaration:Great! Now I need to write comprehensive tests for these three methods. Let me add tests to the test file:Now I'll add fixtures for ledger entries and stats, then add tests for the three new methods:Now I'll add comprehensive tests for the three new methods at the end of the file, before the existing edge cases section:Now I need to add token budget tests for the three new methods. Let me add them before the helper methods section:Perfect! Now let's run the tests to make sure everything works:Let me find the correct directory:Excellent! All tests pass. Now let's run the full feedback loop (typecheck, test, lint):Let me fix the line length issue:Perfect! Now let's run the tests again to ensure everything still works:Excellent! All tests pass. Let's run the full test suite to make sure we didn't break anything else:Perfect! All tests pass, including our new tests. Now let's close the task and commit the changes:Now let's commit the changes:Perfect! Let me verify the task is properly closed:Perfect! The task is successfully completed and closed. Let me create a summary of what was accomplished:

## Task Completed: cub-a4e.1

I have successfully implemented three new `AgentFormatter` methods for the `--agent` flag support:

### 1. `format_blocked(tasks, graph=None)`
- Formats blocked tasks with root blocker analysis
- Shows dependency chain visualization when graph is provided
- Displays "Blocked By" column showing which tasks block each one
- Analysis section includes:
  - Root blocker count
  - Top blocker with direct/transitive block counts
  - Longest dependency chain visualization (e.g., "cub-r6s.1 → cub-r6s.2 → cub-r6s.3")

### 2. `format_list(tasks)`
- General-purpose task table showing all statuses
- Columns: ID, Title, Status, Priority, Blocks, Blocked By
- Provides comprehensive overview of task relationships
- Supports mixed statuses (open, in_progress, closed)

### 3. `format_ledger(entries, stats=None)`
- Formats recent completions with cost summary
- Shows completion date, cost, and token usage per task
- Formats tokens intelligently (700, 33K, 2.0M)
- Analysis section (when stats provided):
  - Average cost per task
  - Total duration in hours
  - Verification pass rate

### Implementation Quality
- ✅ All methods follow the AgentFormatter envelope template
- ✅ Token budget maintained (<500 tokens / ~2000 chars)
- ✅ Comprehensive test coverage (57 tests total, all passing)
- ✅ Snapshot tests for 0, 1, 10, 20 items
- ✅ Token budget tests for typical cases
- ✅ Edge cases covered (singular/plural, formatting, missing graph/stats)
- ✅ Type checking passes (mypy)
- ✅ Linting passes (ruff)
- ✅ Full test suite passes (5056 tests)

The implementation is complete, tested, and committed with proper co-authorship attribution.Perfect! The task has been successfully completed. The system reminders confirm that both files were intentionally modified (by the linter or formatting tools), and the background test suite has completed successfully with all 5056 tests passing.

## Summary

✅ **Task cub-a4e.1 completed successfully**

I implemented three new `AgentFormatter` methods:

1. **`format_blocked(tasks, graph=None)`** - Formats blocked tasks with root blocker analysis and dependency chain visualization
2. **`format_list(tasks)`** - General-purpose task table showing all statuses with dependency information
3. **`format_ledger(entries, stats=None)`** - Formats recent completions with cost summary and analysis

All methods:
- Follow the AgentFormatter envelope template (heading, summary, tables, truncation, analysis)
- Stay under the 500-token (~2000 chars) budget
- Handle edge cases (0, 1, many items; singular/plural; missing optional parameters)
- Include comprehensive test coverage (57 tests total)

**Results:**
- ✅ All 5056 tests passing
- ✅ Type checking passes (mypy)
- ✅ Linting passes (ruff)
- ✅ Task closed
- ✅ Changes committed with co-authorship

The implementation is complete and ready for the next task (cub-a4e.2) which will wire these formatters into the CLI commands with the `--agent` flag.