I'll complete this task by wiring the SuggestionEngine into services and dogfooding it on the cub project. Let me start by claiming the task and understanding the current state.Now let me search for the SuggestionEngine and understand the existing code structure:Let me read the SuggestionEngine and related files:Now let me read the models and sources to understand the complete picture:Now let me check existing CLI structure to understand how to add the `cub suggest` command:Now let me check the CLI structure:Perfect! Now I understand the codebase structure. Let me create a TodoList to track my implementation steps:Now let me create the SuggestionService:Now let me update the services __init__.py to export the SuggestionService:Now let me create the CLI command:Now let me wire the suggest command into the main CLI app:Now let me add the suggest command to the CLI app:Now let me dogfood the suggestions on the cub project itself by running the command:Let me try using the installed cub command:Excellent! The suggestions are working and showing useful recommendations. I can see that it's recommending:
1. P0 tasks that are ready to work on
2. Git suggestions (commit changes, create PR)
3. In-progress task reminder (my current task!)
4. Epic continuation suggestion

The output looks good, but there are some backend divergence warnings. Let me test the JSON output and other filters:Great! Category filtering works. Let me test the task category:Perfect! The `--no-action` flag works correctly. The suggestions are sensible and useful. Now let me update the todo list and move on to create integration tests:The dogfooding results look excellent! The suggestions are:
1. **Sensible** - showing P0 tasks that are ready, git actions needed, and epic progress
2. **Well-prioritized** - P0 tasks appear first, git commit is high priority, PR suggestion is medium
3. **Actionable** - each suggestion has a clear action command
4. **Well-formatted** - the CLI output is clear and professional

The ranking weights seem appropriate, so I marked that as completed. Now let me create integration tests:Good, there are already some unit tests for the suggestion system. Now let me create an integration test:Now let me run the feedback loops:Excellent! All integration tests pass. Now let me run the typecheck:Great! Now let me run lint:Let me fix these linting issues:Good, the auto-fixes were applied. Now I need to fix the line length issue manually:Now let me run lint again:Perfect! Now let me run all existing tests to make sure I didn't break anything:Excellent! All 99 tests pass. Let me also run a broader test to ensure I didn't break anything:Let me check what service tests exist:Let me run a quick smoke test on a few service tests:Perfect! All tests pass. Let me complete the todo list and commit:Perfect! All feedback loops pass. Now let me close the task and commit:Now let me commit the changes:Perfect! Let me verify the commit and check if there are any remaining tasks:Excellent! Now let me check if there are any remaining tasks:There are many tasks still open. Let me verify the task I just completed is properly closed:Perfect! The task is properly closed. Let me check if all tasks in the backlog are done:Let me check the epic status:Perfect! All the child tasks in the epic are complete. Since this was the only task assigned to me, I have completed my work successfully. Let me create a summary:

## Task Completion Summary

I have successfully completed task **cub-b1d.3: Wire SuggestionEngine into services and dogfood**.

### What was delivered:

1. **SuggestionService** (`src/cub/core/services/suggestions.py`)
   - Clean service layer wrapper around SuggestionEngine
   - Follows established cub service pattern
   - Provides `get_suggestions()`, `get_next_action()`, and `get_welcome()` methods

2. **CLI Command** (`src/cub/cli/suggest.py`)
   - `cub suggest` command with rich formatting
   - Configurable limit (`--limit`, default 5)
   - Category filtering (`--category task/git/review/milestone/cleanup/plan`)
   - JSON output for automation (`--json`)
   - Show/hide action commands (`--show-action/--no-action`)

3. **Integration Tests** (`tests/test_suggestions_integration.py`)
   - 13 comprehensive integration tests
   - Tests service creation, suggestion generation, filtering, and priority ranking
   - Tests on real cub project
   - All 99 suggestion-related tests passing

4. **Dogfooding Results**
   - Tested on the cub project itself
   - Correctly prioritizes P0 ready tasks (URGENT)
   - Suggests git operations at appropriate priority levels
   - Identifies in-progress tasks and epic continuations
   - All suggestions include clear rationale and actionable commands

5. **Quality Checks**
   - ✅ Type checking (mypy): passed
   - ✅ Tests: 99 tests passing
   - ✅ Linting (ruff): passed
   - ✅ Task closed: cub-b1d.3
   - ✅ Code committed with detailed commit message

The suggestion engine is now fully integrated into the service layer and ready to use via the `cub suggest` command!