I'll start by understanding the current state of the code and then implement the dependency-aware and utility methods.Let me search for the correct file paths:Great! I can see the code is already well-implemented. Let me analyze what's there:

1. **`get_ready_tasks(parent, label)`** - Lines 254-313: ✅ Already implemented with dependency checking and priority sorting
2. **`get_task_counts()`** - Lines 497-525: ✅ Already implemented
3. **`add_task_note(task_id, note)`** - Lines 527-567: ✅ Already implemented
4. **`import_tasks(tasks)`** - Lines 569-636: ✅ Already implemented with ID preservation

All the required methods are already implemented! Let me verify they work correctly by checking if there are any tests for these methods:Perfect! The code is already fully implemented. Now I need to verify all the methods work correctly by running the tests. Let me check for any test files specifically for the jsonl backend:Let me check what tests exist and run the type checking, tests, and linting to verify everything works:Great! Now let's run the tests to ensure everything works correctly:Let me read the full output to see if tests passed:Perfect! All tests passed. Now let's run the linting to ensure code quality:Excellent! All checks passed. Now let me verify that the implementation matches the task requirements. Let me create a quick test to confirm the functionality:Perfect! All the methods are working correctly. Now let me verify the implementation against the task requirements one more time:

**Task Requirements Check:**
1. ✅ **Implement `get_ready_tasks(parent, label)`** - Lines 254-313: Correctly identifies tasks with all dependencies closed and sorts by priority
2. ✅ **Parse `dependencies` array to build blocked-by relationships** - Lines 298-300: Checks if all dependencies are in the closed_ids set
3. ✅ **Implement `get_task_counts()`** - Lines 497-525: Returns TaskCounts model with proper statistics
4. ✅ **Implement `add_task_note(task_id, note)`** - Lines 527-567: Appends notes with timestamp
5. ✅ **Implement `import_tasks(tasks)`** - Lines 569-636: Bulk imports with ID preservation
6. ✅ **Sort ready tasks by priority (P0 first)** - Line 311: `ready_tasks.sort(key=lambda t: t.priority_numeric)`

Everything is implemented and tested! Now let's close the task and commit:Perfect! Now let me append my learnings to progress.txt:Perfect! Let me check if there are any more tasks to work on:Great! There are more tasks ready. Let me check the next task in the sequence:Perfect! Task cub-j1a.3 has been completed successfully. Here's a summary:

## Summary

**Task:** cub-j1a.3 - Implement dependency-aware and utility methods

**Status:** ✅ COMPLETED

**What I Found:**
All required methods were already fully implemented in the JsonlBackend class:
1. ✅ `get_ready_tasks(parent, label)` - Identifies tasks with all dependencies closed, sorted by priority
2. ✅ `get_task_counts()` - Returns TaskCounts with statistics
3. ✅ `add_task_note(task_id, note)` - Appends timestamped notes
4. ✅ `import_tasks(tasks)` - Bulk imports with ID preservation

**Validation:**
- ✅ Type checking (mypy): No issues
- ✅ Tests (pytest): 493 passed
- ✅ Linting (ruff): All checks passed
- ✅ Functional testing: All scenarios work correctly

**Key Implementation Highlights:**
- Efficient O(1) dependency resolution using closed task ID sets
- Priority-based sorting (P0 first)
- Atomic file writes for data integrity
- ID preservation for staging plans
- Timestamped note audit trail

**Commits:**
1. `task(cub-j1a.3): Implement dependency-aware and utility methods`
2. `docs: Add learnings from cub-j1a.3 to progress.txt`

The next ready task is **cub-j1a.5: Add migration from prd.json and write tests**.