I'll help you complete this task. Let me start by exploring the codebase to understand the current structure, then create comprehensive tests for the CLI commands.Let me look at the actual project structure:Now let me check the current task status and explore the ledger CLI implementation:Good! The task is already in progress. Let me explore the ledger CLI and existing tests:Let me update the task status and then examine the test requirements more closely:Great! I can see there's already a `test_cli_ledger.py` file. Let me check it:Perfect! I can see the test file already has some tests, but it's incomplete. According to the task requirements, I need to add tests for:
1. show command with new fields (workflow stage, outcome, lineage, attempts summary)
2. update stage command
3. export json/csv commands
4. gc dry run command

Let me expand the test file with comprehensive tests for all these commands:Now let me create a comprehensive test file with all the required tests. I'll add tests for the new commands:Now let me add tests for the formatting helpers, show with new fields, update command, export, and gc:Now let me add comprehensive tests for the show command with new fields and the other commands. Let me append them at the end of the file:Perfect! Now let's run the tests to see if they pass:I need to check what models are actually available in the ledger models:Good! I can see there's a `WorkflowState` class instead of `Workflow`. Let me check the actual structure:Now let me check what the workflow field is called in LedgerEntry:Let me search for the workflow field definition in LedgerEntry:Perfect! Now I understand. The field is `WorkflowState` not `Workflow`. Let me update the test file with the correct imports:Now I need to update the test code where I create entries to use `WorkflowState` instead of `Workflow`:Now let me run the tests again:I see the issue. The update command checks if the ledger exists first, not if the task exists. Let me fix the test assertion:Now let's run the tests again:Let me check what the actual update command implementation expects:I see - it needs the `by_task_dir` to exist. Let me fix the test to create that directory structure:Now let's run the tests again:Excellent! All tests are passing. Now let's run the full test suite to make sure we didn't break anything:Perfect! All 52 tests are passing. Now let's run the full test suite (typecheck, lint, test) to make sure everything works:Great! Now let's run typecheck and lint on the test file:These are expected import warnings from mypy since the cub modules aren't fully typed. Let's run the linter:Let me fix the linting issues:Now let me fix the long line issue in the gc test:Now let's check the linter again:Let me fix the import ordering:Actually, let me check if LedgerReader is used:LedgerReader is used. Let me fix the imports properly:Now let's check the linter again:Let me use ruff to fix the imports automatically:Good, let me verify the imports are correct now:Perfect! Now let's check linting again:Excellent! All linting checks pass. Now let's run the tests one more time to make sure everything is working:Perfect! All tests pass. Now let's create a summary of what we've added and close the task. Let me commit the changes:Now let's commit this:Perfect! Now let's close the task:Excellent! Let's verify the task was closed:Perfect! Now let's append the learnings to progress.txt:Perfect! Let's verify everything is committed:The progress.txt file has changes. Let me add and commit it:Perfect! Let me create a final summary of the work completed:Perfect! Let me verify one more time that all tests pass:Excellent! All 52 tests pass. Let me verify the task is properly closed:Perfect! Everything is complete. Let me create a final summary document:

## Task Completion Summary

### ✅ Task cub-c5i.5: Add tests for CLI commands - COMPLETED

I have successfully completed the task of adding comprehensive tests for all new ledger CLI commands. Here's what was delivered:

### 📋 Comprehensive Test Suite

**Total: 52 tests covering all CLI commands**

#### 1. **Formatting Helpers Tests (19 tests)**
   - `_format_cost`: 3 tests (zero, positive, small amounts)
   - `_format_verification`: 7 tests (pass, fail, warn, skip, pending, error, unknown)
   - `_format_workflow_stage`: 5 tests (dev_complete, needs_review, validated, released, None)
   - `_format_duration`: 4 tests (zero, seconds, minutes+seconds, hours+minutes+seconds)

#### 2. **Show Command with New Fields (7 tests)**
   - Display lineage information (epic_id, spec_file, plan_file)
   - Display workflow stage with proper formatting
   - Display outcome information (success, costs, duration, total attempts, final model)
   - Display attempts summary table
   - Show specific attempt details with `--attempt` flag
   - Handle invalid attempt numbers with proper error messages
   - JSON output format validation

#### 3. **Update Stage Command (7 tests)**
   - Update workflow stage to: `needs_review`, `validated`, `released`
   - Update with reason annotation
   - Invalid stage name validation
   - Task not found error handling
   - Missing ledger error handling

#### 4. **Export Command (8 tests)**
   - JSON export to stdout
   - JSON export to file
   - CSV export to file with proper header validation
   - CSV export to stdout
   - Invalid format validation
   - Missing ledger error handling
   - Epic filtering with `--epic` parameter
   - Date filtering with `--since` parameter

#### 5. **Garbage Collection Command (5 tests)**
   - Dry-run summary display
   - No files to delete scenario
   - Custom `--keep-latest` parameter
   - Missing ledger handling
   - Multiple tasks with varying attempt counts

### ✅ Quality Assurance Results

- **Tests**: ✅ All 52 tests pass (100% success rate)
- **Linting**: ✅ Ruff clean (no violations)
- **Type Checking**: ✅ Compatible (mypy warnings for untyped libraries are expected)
- **Error Handling**: ✅ Comprehensive edge case testing
- **Test Coverage**: ✅ All new unified-tracking-model features tested

### 📝 Git Commits

1. **bc27d57** - `task(cub-c5i.5): Add comprehensive tests for CLI commands`
   - Extended test_cli_ledger.py from 146 to 750 lines
   - Added all 52 tests with detailed documentation

2. **847ef44** - `docs: append learnings from cub-c5i.5 test implementation`
   - Documented key learnings and implementation details
   - Added QA results and notes for future reference

### 📚 Key Learnings

1. Ledger model uses `WorkflowState` class (not `Workflow`) as the workflow field
2. CLI commands check for ledger existence before individual task existence
3. The `update` command requires the `by-task` directory structure to exist
4. Attempt files follow specific naming: `NNN-prompt.md` and `NNN-harness.log`
5. Rich formatting codes need exact matching in output assertions for reliable testing

### 🎯 Implementation Highlights

- Used Typer's `CliRunner` for isolated CLI testing
- Created realistic test data with proper model instances
- Used mocking for project root to avoid filesystem dependencies
- Comprehensive error handling with meaningful error messages
- Follows pytest conventions and existing project patterns
- All code passes linting and is properly formatted