I'll implement the `SessionLedgerIntegration` class to handle ledger integration for direct sessions. Let me start by understanding the existing code structure and then implement the new class.Now let me read the spec for this task to understand the full requirements:Let me check the specs directory structure and read the existing LedgerIntegration class more carefully:Now let me read the rest of the hooks file to see how forensics events are used, and check the plan file:Perfect! Now I have a clear understanding. Let me implement the `SessionLedgerIntegration` class. Based on the architecture docs and existing code, I need to create a class that:

1. Reads forensics JSONL files to reconstruct session state (stateless)
2. Has methods for handling session events
3. `on_session_end` should finalize forensics and optionally create a ledger entry if a task was claimed

Let me create the implementation:Now let me create comprehensive tests for the SessionLedgerIntegration class:Now let's run the tests to make sure everything works:Excellent! All tests pass. Now let's make sure the new module is properly exported in the ledger package's `__init__.py`:Now let's run all the feedback loops - typecheck, tests, and lint:Good! Tests pass. Now I need to fix the type error. The issue is with line 163 where I have `dict[str, str]` instead of `list[dict[str, str]]`:Actually, looking at the code, the git_commits list stores dicts with string keys and string values (timestamp is converted to str). Let me check the actual usage:The values are all strings, so the type should be `list[dict[str, str]]`. But mypy is complaining because it can't infer the specific dict type. Let me use a more explicit type annotation:Now let's also fix the type annotation for the `_process_event` method signature:Now let's run mypy again to check if the type errors are fixed:Good! The errors in our file are fixed. The yaml errors are pre-existing and not related to our changes. Let's verify this by checking if the whole project passes mypy:Perfect! The only errors are the pre-existing yaml stub issues, not in our code. Let's run the full test suite to make sure we didn't break anything:Perfect! All 324 ledger tests pass. Now let's run linting:Let me fix these linting issues:Now let's run the linting again:Great! All checks passed. Now let's run the tests one more time to make sure everything still works:Perfect! All tests pass. Now let's close the task and commit the changes:Perfect! Now let's append our learnings to the progress.txt file:Perfect! Now let's check if there are any remaining open tasks:Good! The task cub-v8n.1 is now closed. Let me check if there are any other tasks ready to work on:Perfect! The task cub-v8n.2 is now ready (it depended on cub-v8n.1 which we just completed). Let me check all the tasks to see the completion status:Excellent! Task cub-v8n.1 is complete and cub-v8n.2 is now ready to work on. Let me output the completion signal:

## Summary

I have successfully implemented the `SessionLedgerIntegration` class for ledger integration during direct harness sessions. Here's what was accomplished:

### What Was Implemented

1. **SessionState Model**: A class that reconstructs session state from forensics JSONL files, tracking session metadata, task associations, file changes, and git commits.

2. **SessionLedgerIntegration Class**: The main integration class with:
   - `read_forensics()`: Parses JSONL files to reconstruct session state
   - `_process_event()`: Processes individual forensics events (session_start, task_claim, file_write, git_commit, etc.)
   - `on_session_end()`: Synthesizes ledger entries from forensics if a task was claimed
   - `finalize_forensics()`: Handles sessions without task association
   - `get_session_state()`: Utility method for inspecting session state

3. **Key Features**:
   - **Stateless design**: Reads forensics JSONL on each invocation (matches hook execution model)
   - **Task association**: Handles tasks claimed mid-session, not just at start
   - **Graceful handling**: Skips ledger entry if no task was claimed
   - **Existing entry support**: Doesn't overwrite finalized entries from run loop

### Test Coverage

- Created 30 comprehensive tests covering all methods and workflows
- Full event type coverage (session_start, task_claim, file_write, git_commit, session_end, etc.)
- Edge cases: no task, malformed JSON, existing entries, task not closed
- All 324 existing ledger tests still pass

### Quality Checks

✅ **Type checking**: mypy strict mode passes (only pre-existing yaml stub warnings)  
✅ **Tests**: 30/30 new tests pass, 324/324 ledger tests pass  
✅ **Linting**: ruff checks pass  
✅ **Committed**: Changes committed with proper commit message

The implementation is complete, tested, and ready for use. The next task (cub-v8n.2) is now unblocked and ready to connect the hook handlers to this new SessionLedgerIntegration class.

<promise>COMPLETE</promise>