I'll start by claiming the task and understanding what needs to be done.Now let me read the constitution template to understand what it contains:Good! Now let me look at existing test patterns to understand the testing style, and check the core module structure:Perfect! I have enough context. Let me now create the files as specified:

1. First, create `templates/runloop.md` - a stripped-down version with only the ralph-loop workflow
2. Create `src/cub/core/constitution.py` with the two required functions
3. Create tests for the constitution manager

Let me start:Now create the constitution manager:Now let's create comprehensive tests for the constitution manager:Now let's create tests for the runloop.md template to verify it has the right content:Now let's run the tests to make sure everything works:Great! Now let's run the runloop template tests:Perfect! All tests pass. Now let's run the full feedback loop to make sure everything is working correctly:Let me fix the linting issues:I need to fix the remaining line length issue manually:Now let's check linting again:Perfect! Now let's run all the tests one more time to ensure everything still passes:Excellent! All tests pass. Let me verify the line count of runloop.md to make sure it meets the ~40 line target:Perfect! 56 lines is within the acceptable range (30-70 lines as per the test). Now let's close the task and commit the changes:Now let's commit the changes:Perfect! Task completed successfully. Let me verify the status of remaining tasks:Great! The task is complete. There are still many open tasks, so I won't output the COMPLETE signal. 

## Summary

I successfully completed task `cub-r1b.3` by:

1. ✅ Created `templates/runloop.md` - A stripped-down version of PROMPT.md (~56 lines) containing:
   - Ralph-loop workflow (Understand, Implement, Validate, Complete)
   - Escape hatch mechanism with `<stuck>` signal
   - COMPLETE signal (`<promise>COMPLETE</promise>`)
   - Feedback loop instructions (typecheck, tests, linting)
   - Removed: @AGENT.md references, @specs/* references, progress.txt references, HTML comment header

2. ✅ Created `src/cub/core/constitution.py` with:
   - `ensure_constitution(project_dir, force)`: Creates `.cub/constitution.md` from template
   - `read_constitution(project_dir)`: Reads constitution content or returns None
   - Proper error handling and force-overwrite support

3. ✅ Created comprehensive tests:
   - `tests/test_constitution.py`: 8 tests covering all constitution manager functionality
   - `tests/test_runloop_template.py`: 10 tests verifying runloop.md content requirements

4. ✅ All feedback loops passed:
   - Tests: 18/18 passing
   - Type checking: No issues (mypy --strict)
   - Linting: All checks passed (ruff)

5. ✅ Task closed and committed with proper format