I'll implement the new protocol methods in BeadsBackend. Let me start by claiming the task and examining the existing code.Let me check if the test file exists in a different location:Let me search for existing test files to understand the test structure:Great! I found `test_tasks_beads.py`. Let me read that file:Now I understand the structure. Let me check the Task model to understand the protocol interface:Now let me check the backend protocol to understand the interface:Perfect! Now I understand the full requirements. I can see that:

1. The protocol has default implementations in `TaskBackendDefaults` for some methods
2. The `BeadsBackend` needs to implement the missing protocol methods
3. Looking at the default implementations, I can see that `add_label`, `remove_label`, `reopen_task`, etc. have defaults that use `update_task`, but `bd` has specific commands for these
4. The `update_task` method already exists but is missing the `title`, `priority`, and `notes` flags

Let me now implement all the required methods. I'll start by updating the `beads.py` file:Now I need to import TaskBackendDefaults:Now let me add the new protocol methods. I'll add them before the `try_close_epic` method:Now I need to update the `get_task_counts` method to include the blocked count. Let me find it:Now let me update the `get_task_counts` method to include the blocked count:Now I need to verify that update_task already has the title, priority, and notes parameters. Let me check:Perfect! The `update_task` method already has all the required parameters (title, priority, notes) and they're being passed to the bd command. Now let me write comprehensive tests for the new methods. Let me add tests for all the new methods:Good! Now let me run the tests to validate everything works:I see the issue. The test is missing a mock result for the final `get_task` call after the comment. The `reopen_task` method calls `get_task` after the update, then if a reason is provided, it calls `add_task_note`, which internally calls `get_task` again. Let me fix the test:Actually, looking at the code more carefully, I see the issue. The `reopen_task` method calls `add_task_note`, which returns the task from `get_task`. But then `reopen_task` tries to call `get_task` again after `add_task_note` returns. Let me fix the implementation instead:Now let me revert the test to the simpler version:Now let's run the tests again:Perfect! All tests pass. Now let's run type checking:Excellent! Now let's run linting:Let me fix these linting errors by shortening the long lines:Now let's run linting again:Perfect! Now let's run all the tests one final time to ensure everything still works:Excellent! All tests pass. Now let's close the task and commit our changes:Good! Now let's commit the changes:Perfect! The task is complete. Let me summarize what was accomplished:

## Summary

I successfully implemented all the missing protocol methods in `BeadsBackend` to complete the TaskBackend protocol interface:

### New Protocol Methods Implemented:

1. **`add_dependency(task_id, depends_on)`** - Adds a task dependency using `bd dep add <task_id> <depends_on> --type blocks`

2. **`remove_dependency(task_id, depends_on)`** - Removes a task dependency using `bd dep remove <task_id> <depends_on>`

3. **`list_blocked_tasks(parent?, label?)`** - Lists blocked tasks using `bd blocked --json` with fallback to manual filtering if the command doesn't exist

4. **`reopen_task(task_id, reason?)`** - Reopens a closed task using `bd update <task_id> --status open` with optional reason comment

5. **`delete_task(task_id)`** - Deletes a task using `bd delete <task_id>` after checking for dependents

6. **`add_label(task_id, label)`** - Adds a label using `bd label add <task_id> <label>`

7. **`remove_label(task_id, label)`** - Removes a label using `bd label remove <task_id> <label>`

### Enhanced Methods:

- **`update_task`** - Already had `title`, `priority`, and `notes` parameters properly wired to bd command flags
- **`get_task_counts`** - Extended to calculate and return blocked task count

### Implementation Quality:

- ✅ BeadsBackend now extends `TaskBackendDefaults` mixin for consistency
- ✅ All methods follow the existing `_run_bd` pattern
- ✅ Commands that don't return JSON are followed by `get_task()` calls
- ✅ Comprehensive error handling with meaningful error messages
- ✅ Full test coverage - 55 tests passing
- ✅ Type checking passes (mypy --strict)
- ✅ Linting passes (ruff)
- ✅ Task closed and changes committed